<?xml version="1.0" encoding="UTF-8"?>
<testsuite xmlns:xsi="http://www.w3.org/2001/XMLSchema-instance" xsi:schemaLocation="https://maven.apache.org/surefire/maven-surefire-plugin/xsd/surefire-test-report.xsd" name="com.edurekademo.utilities.TestHexAsciiConversion" time="0.027" tests="4" errors="0" skipped="0" failures="0">
  <properties>
    <property name="pom.xml" value="is in below path"/>
    <property name="java.runtime.name" value="OpenJDK Runtime Environment"/>
    <property name="java.vm.version" value="17.0.9+8-LTS"/>
    <property name="sun.boot.library.path" value="/usr/lib/jvm/java-17-amazon-corretto.x86_64/lib"/>
    <property name="maven.multiModuleProjectDirectory" value="/var/lib/jenkins/workspace/Compile"/>
    <property name="java.vm.vendor" value="Amazon.com Inc."/>
    <property name="java.vendor.url" value="https://aws.amazon.com/corretto/"/>
    <property name="guice.disable.misplaced.annotation.check" value="true"/>
    <property name="path.separator" value=":"/>
    <property name="java.vm.name" value="OpenJDK 64-Bit Server VM"/>
    <property name="sun.java.launcher" value="SUN_STANDARD"/>
    <property name="java.vm.specification.name" value="Java Virtual Machine Specification"/>
    <property name="user.dir" value="/var/lib/jenkins/workspace/DeploythroughDocker"/>
    <property name="java.vm.compressedOopsMode" value="32-bit"/>
    <property name="java.runtime.version" value="17.0.9+8-LTS"/>
    <property name="os.arch" value="amd64"/>
    <property name="java.io.tmpdir" value="/tmp"/>
    <property name="line.separator" value="&#10;"/>
    <property name="java.vm.specification.vendor" value="Oracle Corporation"/>
    <property name="os.name" value="Linux"/>
    <property name="classworlds.conf" value="/var/lib/jenkins/tools/hudson.tasks.Maven_MavenInstallation/mymaven/bin/m2.conf"/>
    <property name="sun.jnu.encoding" value="UTF-8"/>
    <property name="java.library.path" value="/usr/java/packages/lib:/usr/lib64:/lib64:/lib:/usr/lib"/>
    <property name="maven.conf" value="/var/lib/jenkins/tools/hudson.tasks.Maven_MavenInstallation/mymaven/conf"/>
    <property name="jdk.debug" value="release"/>
    <property name="java.class.version" value="61.0"/>
    <property name="java.specification.name" value="Java Platform API Specification"/>
    <property name="sun.management.compiler" value="HotSpot 64-Bit Tiered Compilers"/>
    <property name="os.version" value="6.1.66-91.160.amzn2023.x86_64"/>
    <property name="library.jansi.path" value="/var/lib/jenkins/tools/hudson.tasks.Maven_MavenInstallation/mymaven/lib/jansi-native"/>
    <property name="user.home" value="/var/lib/jenkins"/>
    <property name="user.timezone" value="UTC"/>
    <property name="file.encoding" value="UTF-8"/>
    <property name="java.specification.version" value="17"/>
    <property name="user.name" value="jenkins"/>
    <property name="java.class.path" value="/var/lib/jenkins/tools/hudson.tasks.Maven_MavenInstallation/mymaven/boot/plexus-classworlds-2.7.0.jar"/>
    <property name="java.vm.specification.version" value="17"/>
    <property name="sun.arch.data.model" value="64"/>
    <property name="sun.java.command" value="org.codehaus.plexus.classworlds.launcher.Launcher -f /var/lib/jenkins/workspace/Compile -D/var/lib/jenkins/workspace/Compile= -Dpom.xml=is in below path package"/>
    <property name="java.home" value="/usr/lib/jvm/java-17-amazon-corretto.x86_64"/>
    <property name="user.language" value="en"/>
    <property name="java.specification.vendor" value="Oracle Corporation"/>
    <property name="java.vm.info" value="mixed mode, sharing"/>
    <property name="java.version" value="17.0.9"/>
    <property name="/var/lib/jenkins/workspace/Compile" value=""/>
    <property name="native.encoding" value="UTF-8"/>
    <property name="java.vendor" value="Amazon.com Inc."/>
    <property name="maven.home" value="/var/lib/jenkins/tools/hudson.tasks.Maven_MavenInstallation/mymaven"/>
    <property name="file.separator" value="/"/>
    <property name="java.version.date" value="2023-10-17"/>
    <property name="java.vendor.url.bug" value="https://github.com/corretto/corretto-17/issues/"/>
    <property name="sun.io.unicode.encoding" value="UnicodeLittle"/>
    <property name="sun.cpu.endian" value="little"/>
    <property name="java.vendor.version" value="Corretto-17.0.9.8.1"/>
  </properties>
  <testcase name="testAsciiToHexValid" classname="com.edurekademo.utilities.TestHexAsciiConversion" time="0.019"/>
  <testcase name="testAsciiToHexNull" classname="com.edurekademo.utilities.TestHexAsciiConversion" time="0.001"/>
  <testcase name="testHexToAsciiValid" classname="com.edurekademo.utilities.TestHexAsciiConversion" time="0.013"/>
  <testcase name="testHextoAsciiNull" classname="com.edurekademo.utilities.TestHexAsciiConversion" time="0"/>
</testsuite>